06 апр. 2022 - 18:11:03.575 -  INFO  - com.company.UzCard.UzCardApplication - Starting UzCardApplication using Java 16.0.2 on DESKTOP-UH8OF4J with PID 8264 (C:\Users\Administrator\OneDrive\UzCard\target\classes started by Administrator in C:\Users\Administrator\OneDrive\UzCard)
06 апр. 2022 - 18:11:03.585 -  INFO  - com.company.UzCard.UzCardApplication - The following 1 profile is active: "prod"
06 апр. 2022 - 18:11:05.059 -  INFO  - o.s.d.r.c.RepositoryConfigurationDelegate - Bootstrapping Spring Data JPA repositories in DEFAULT mode.
06 апр. 2022 - 18:11:05.155 -  INFO  - o.s.d.r.c.RepositoryConfigurationDelegate - Finished Spring Data repository scanning in 80 ms. Found 3 JPA repository interfaces.
06 апр. 2022 - 18:11:05.988 -  INFO  - o.s.b.w.e.tomcat.TomcatWebServer - Tomcat initialized with port(s): 8080 (http)
06 апр. 2022 - 18:11:06.001 -  INFO  - o.a.catalina.core.StandardService - Starting service [Tomcat]
06 апр. 2022 - 18:11:06.002 -  INFO  - o.a.catalina.core.StandardEngine - Starting Servlet engine: [Apache Tomcat/9.0.60]
06 апр. 2022 - 18:11:06.195 -  INFO  - o.a.c.c.C.[Tomcat].[localhost].[/] - Initializing Spring embedded WebApplicationContext
06 апр. 2022 - 18:11:06.196 -  INFO  - o.s.b.w.s.c.ServletWebServerApplicationContext - Root WebApplicationContext: initialization completed in 2539 ms
06 апр. 2022 - 18:11:06.453 -  INFO  - o.h.jpa.internal.util.LogHelper - HHH000204: Processing PersistenceUnitInfo [name: default]
06 апр. 2022 - 18:11:06.525 -  INFO  - org.hibernate.Version - HHH000412: Hibernate ORM core version 5.6.7.Final
06 апр. 2022 - 18:11:06.722 -  INFO  - o.h.annotations.common.Version - HCANN000001: Hibernate Commons Annotations {5.1.2.Final}
06 апр. 2022 - 18:11:06.868 -  INFO  - com.zaxxer.hikari.HikariDataSource - HikariPool-1 - Starting...
06 апр. 2022 - 18:11:22.825 -  INFO  - com.zaxxer.hikari.HikariDataSource - HikariPool-1 - Start completed.
06 апр. 2022 - 18:11:22.865 -  INFO  - org.hibernate.dialect.Dialect - HHH000400: Using dialect: org.hibernate.dialect.PostgreSQL10Dialect
06 апр. 2022 - 18:11:23.450 -  WARN  - org.hibernate.id.UUIDHexGenerator - HHH000409: Using org.hibernate.id.UUIDHexGenerator which does not generate IETF RFC 4122 compliant UUID values; consider using org.hibernate.id.UUIDGenerator instead
06 апр. 2022 - 18:11:26.341 -  WARN  - o.h.e.jdbc.spi.SqlExceptionHelper - SQL Warning Code: 0, SQLState: 00000
06 апр. 2022 - 18:11:26.342 -  WARN  - o.h.e.jdbc.spi.SqlExceptionHelper - constraint "uk_492xmgvvn7qbnwhcvpr3yor6h" of relation "card" does not exist, skipping
06 апр. 2022 - 18:11:27.442 -  INFO  - o.h.e.t.j.p.i.JtaPlatformInitiator - HHH000490: Using JtaPlatform implementation: [org.hibernate.engine.transaction.jta.platform.internal.NoJtaPlatform]
06 апр. 2022 - 18:11:27.457 -  INFO  - o.s.o.j.LocalContainerEntityManagerFactoryBean - Initialized JPA EntityManagerFactory for persistence unit 'default'
06 апр. 2022 - 18:11:27.572 -  WARN  - o.s.b.a.o.j.JpaBaseConfiguration$JpaWebConfiguration - spring.jpa.open-in-view is enabled by default. Therefore, database queries may be performed during view rendering. Explicitly configure spring.jpa.open-in-view to disable this warning
06 апр. 2022 - 18:11:29.300 -  INFO  - o.s.s.web.DefaultSecurityFilterChain - Will not secure any request
06 апр. 2022 - 18:11:29.837 -  INFO  - o.s.b.w.e.tomcat.TomcatWebServer - Tomcat started on port(s): 8080 (http) with context path ''
06 апр. 2022 - 18:11:30.496 -  INFO  - com.company.UzCard.UzCardApplication - Started UzCardApplication in 27.519 seconds (JVM running for 28.535)
